0.999023 
0.999023 
0.999023 
0.999023 
0.999023 
0.999023 
0.999023 
0.999023 
0.999023 
0.999023 
0.999023 
0.999023 
0.999023 
0.999023 
0.999023 
0.999023 
0.999023 
0.999023 
0.999023 
0.999023 
0.999023 
0.999023 
0.999023 
0.999023 
0.999023 
0.999023 
0.999023 
0.999023 
0.999023 
0.999023 
0 
0 
0 
0 
0 
0 
0 
0 
0 
0 
0 
0 
0 
0 
0 
0 
0 
0 
0 
0 
0 
0 
0 
0 
0 
0 
0 
0 
0 
0 
0 
0 
0 
0 
0 
0 
0 
0 
0 
0 
0.999023 
0.999023 
0.999023 
0.999023 
0.999023 
0.999023 
0.999023 
0.999023 
0.999023 
0.999023 
0.999023 
0.999023 
0.999023 
0.999023 
0.999023 
0.999023 
0.999023 
0.999023 
0.999023 
0.999023 
0.999023 
0.999023 
0.999023 
0.999023 
0.999023 
0.999023 
0.999023 
0.999023 
0.999023 
0.999023 
0.999023 
0.999023 
0.999023 
0.999023 
0.999023 
0.999023 
0.999023 
0.999023 
0.999023 
0.999023 
0.999023 
0.999023 
0.999023 
0.999023 
0.999023 
0.999023 
0.654297 
0.561523 
0.595703 
0.5 
0.999023 
0.999023 
0.999023 
0.999023 
0.999023 
0.999023 
0.999023 
0.999023 
0.0732422 
0.0488281 
0.0742188 
0.0498047 
0.0566406 
0.0371094 
0.0595703 
0.0380859 
0 
0 
0 
0 
0 
0 
0 
0 
0.999023 
0.999023 
0.999023 
0.999023 
0.999023 
0.999023 
0.999023 
0.999023 
0.998047 
0.996094 
0.99707 
0.994141 
0 
0 
0 
0 
0 
0 
0 
0 
0 
0 
0 
0 
0 
0 
0 
0 
0 
0 
0 
0 
0 
0 
0 
0 
0 
0 
0 
0 
0 
0 
0 
0 
0 
0 
0 
0 
0 
0 
0 
0 
0.000976562 
0.00195312 
0.00292969 
0.00292969 
0.000976562 
0.00292969 
0.00390625 
0.00390625 
0 
0 
0 
0 
0 
0 
0 
0 
0 
0 
0 
0 
0 
0 
0 
0 
0 
0 
0 
0 
0 
0 
0 
0 
0 
0 
0 
0 
0 
0 
0 
0 
0.999023 
0.999023 
0.999023 
0.999023 
0.999023 
0.999023 
0 
0 
0 
0 
0.999023 
0.999023 
0.999023 
0.999023 
0.999023 
0 
0 
0 
0 
0 
0 
0 
0 
0 
0 
0 
0 
0 
0 
0 
0 
0 
0 
0 
0 
0 
0 
0 
0 
0 
0 
0 
0 
0 
0 
0 
0 
0.999023 
0.999023 
0.999023 
0.999023 
0.999023 
0.999023 
0.999023 
0.999023 
0.999023 
0.999023 
0.999023 
0.999023 
0.999023 
0.999023 
0.999023 
0.999023 
0.00488281 
0.00683594 
0.0078125 
0.00976562 
0 
0 
0 
0 
0 
0 
0 
0 
0 
0 
0 
0 
0 
0 
0 
0 
0.999023 
0.999023 
0.999023 
0.999023 
0.999023 
0.999023 
0.999023 
0.999023 
0 
0 
0 
0 
0.999023 
0.999023 
0.999023 
0.999023 
0.999023 
0.999023 
0.999023 
0.999023 
0.134766 
0.135742 
0.395508 
0.395508 
0.799805 
0.851562 
0.80957 
0.826172 
0.999023 
0.999023 
0.999023 
0.999023 
0.868164 
0.902344 
0.87207 
0.883789 
0.743164 
0.828125 
0.762695 
0.771484 
0.821289 
0.868164 
0.824219 
0.847656 
0.999023 
0.999023 
0.999023 
0.999023 
0.879883 
0.916016 
0.888672 
0.900391 
0.771484 
0.853516 
0.787109 
0.792969 
0.999023 
0.999023 
0.999023 
0.999023 
0 
0 
0 
0 
0.999023 
0.999023 
0.999023 
0.999023 
0.999023 
0.999023 
0.999023 
0.999023 
0.999023 
0.999023 
0.999023 
0.999023 
0 
0 
0 
0 
0.999023 
0.999023 
0.999023 
0.999023 
0.999023 
0.999023 
0.999023 
0.999023 
0.999023 
0.999023 
0.999023 
0.999023 
0.999023 
0.999023 
0.999023 
0.999023 
0.999023 
0.999023 
0.999023 
0.999023 
0.0830078 
0.0800781 
0.265625 
0.259766 
0.134766 
0.135742 
0.395508 
0.395508 
0 
0 
0 
0 
0 
0 
0 
0 
0 
0 
0 
0 
0 
0 
0 
0 
0 
0 
0 
0 
0 
0 
0 
0 
0 
0 
0 
0 
0 
0 
0 
0 
0.999023 
0.999023 
0.999023 
0.999023 
0.999023 
0.999023 
0.999023 
0.999023 
0 
0.999023 
0.999023 
0.999023 
0.999023 
0.999023 
0.999023 
0.999023 
0.999023 
0.999023 
0.999023 
0.999023 
0 
0 
0 
0 
0 
0 
0 
0 
0.999023 
0.999023 
0.999023 
0.999023 
0.999023 
0.999023 
0.999023 
0.999023 
0.999023 
0.999023 
0.999023 
0.999023 
0.999023 
0.999023 
0.999023 
0.999023 
0.654297 
0.561523 
0.595703 
0.5 
0.999023 
0.999023 
0.999023 
0.999023 
0.999023 
0.999023 
0.999023 
0.999023 
0.0732422 
0.0488281 
0.0742188 
0.0498047 
0.0566406 
0.0371094 
0.0595703 
0.0380859 
0 
0 
0 
0 
0 
0 
0 
0 
0.999023 
0.999023 
0.999023 
0.999023 
0.999023 
0.999023 
0.999023 
0.999023 
0.998047 
0.996094 
0.99707 
0.994141 
0 
0 
0 
0 
0 
0 
0 
0 
0 
0 
0 
0 
0 
0 
0 
0 
0 
0 
0 
0 
0 
0 
0 
0 
0 
0 
0 
0 
0 
0 
0 
0 
0 
0 
0 
0 
0 
0 
0 
0 
0.000976562 
0.00195312 
0.00292969 
0.00292969 
0.000976562 
0.00292969 
0.00390625 
0.00390625 
0 
0 
0 
0 
0 
0 
0 
0 
0 
0 
0 
0 
0 
0 
0 
0 
0 
0 
0 
0 
0 
0 
0 
0 
0 
0 
0 
0 
0 
0 
0 
0 
0.999023 
0.999023 
0.999023 
0.999023 
0.999023 
0.999023 
0 
0 
0 
0 
0.999023 
0.999023 
0.999023 
0.999023 
0.999023 
0 
0 
0 
0 
0 
0 
0 
0 
0 
0 
0 
0 
0 
0 
0 
0 
0 
0 
0 
0 
0 
0 
0 
0 
0 
0 
0 
0 
0 
0 
0 
0 
0.999023 
0.999023 
0.999023 
0.999023 
0.999023 
0.999023 
0.999023 
0.999023 
0.999023 
0.999023 
0.999023 
0.999023 
0.999023 
0.999023 
0.999023 
0.999023 
0.00488281 
0.00683594 
0.0078125 
0.00976562 
0 
0 
0 
0 
0 
0 
0 
0 
0 
0 
0 
0 
0 
0 
0 
0 
0.999023 
0.999023 
0.999023 
0.999023 
0.999023 
0.999023 
0.999023 
0.999023 
0 
0 
0 
0 
0.999023 
0.999023 
0.999023 
0.999023 
0.999023 
0.999023 
0.999023 
0.999023 
0.134766 
0.135742 
0.395508 
0.395508 
0.799805 
0.851562 
0.80957 
0.826172 
0.999023 
0.999023 
0.999023 
0.999023 
0.868164 
0.902344 
0.87207 
0.883789 
0.743164 
0.828125 
0.762695 
0.771484 
0.821289 
0.868164 
0.824219 
0.847656 
0.999023 
0.999023 
0.999023 
0.999023 
0.879883 
0.916016 
0.888672 
0.900391 
0.771484 
0.853516 
0.787109 
0.792969 
0.999023 
0.999023 
0.999023 
0.999023 
0 
0 
0 
0 
0.999023 
0.999023 
0.999023 
0.999023 
0.999023 
0.999023 
0.999023 
0.999023 
0.999023 
0.999023 
0.999023 
0.999023 
0 
0 
0 
0 
0.999023 
0.999023 
0.999023 
0.999023 
0.999023 
0.999023 
0.999023 
0.999023 
0.999023 
0.999023 
0.999023 
0.999023 
0.999023 
0.999023 
0.999023 
0.999023 
0.999023 
0.999023 
0.999023 
0.999023 
0.0830078 
0.0800781 
0.265625 
0.259766 
0.134766 
0.135742 
0.395508 
0.395508 
0 
0 
0 
0 
0 
0 
0 
0 
0 
0 
0 
0 
0 
0 
0 
0 
0 
0 
0 
0 
0 
0 
0 
0 
0 
0 
0 
0 
0 
0 
0 
0 
0.999023 
0.999023 
0.999023 
0.999023 
0.999023 
0.999023 
0.999023 
0.999023 
0 
0.999023 
0.999023 
0.999023 
0.999023 
0.999023 
0.999023 
0.999023 
0.999023 
0.999023 
0.999023 
0.999023 
0 
0 
0 
0 
0 
0 
0 
0 
0.999023 
0.999023 
0.999023 
0.999023 
0.999023 
0.999023 
0.999023 
0.999023 
0.999023 
0.999023 
0.999023 
0.999023 
0.999023 
0.999023 
0.999023 
0.999023 
0.654297 
0.561523 
0.595703 
0.5 
0.999023 
0.999023 
0.999023 
0.999023 
0.999023 
0.999023 
0.999023 
0.999023 
0.0732422 
0.0488281 
0.0742188 
0.0498047 
0.0566406 
0.0371094 
0.0595703 
0.0380859 
0 
0 
0 
0 
0 
0 
0 
0 
0.999023 
0.999023 
0.999023 
0.999023 
0.999023 
0.999023 
0.999023 
0.999023 
0.998047 
0.996094 
0.99707 
0.994141 
0 
0 
0 
0 
0 
0 
0 
0 
0 
0 
0 
0 
0 
0 
0 
0 
0 
0 
0 
0 
0 
0 
0 
0 
0 
0 
0 
0 
0 
0 
0 
0 
0 
0 
0 
0 
0 
0 
0 
0 
0.000976562 
0.00195312 
0.00292969 
0.00292969 
0.000976562 
0.00292969 
0.00390625 
0.00390625 
0 
0 
0 
0 
0 
0 
0 
0 
0 
0 
0 
0 
0 
0 
0 
0 
0 
0 
0 
0 
0 
0 
0 
0 
0 
0 
0 
0 
0 
0 
0 
0 
0.999023 
0.999023 
0.999023 
0.999023 
0.999023 
0.999023 
0 
0 
0 
0 
0.999023 
0.999023 
0.999023 
0.999023 
0.999023 
0 
0 
0 
0 
0 
0 
0 
0 
0 
0 
0 
0 
0 
0 
0 
0 
0 
0 
0 
0 
0 
0 
0 
0 
0 
0 
0 
0 
0 
0 
0 
0 
0.999023 
0.999023 
0.999023 
0.999023 
0.999023 
0.999023 
0.999023 
0.999023 
0.999023 
0.999023 
0.999023 
0.999023 
0.999023 
0.999023 
0.999023 
0.999023 
0.00488281 
0.00683594 
0.0078125 
0.00976562 
0 
0 
0 
0 
0 
0 
0 
0 
0 
0 
0 
0 
0 
0 
0 
0 
0.999023 
0.999023 
0.999023 
0.999023 
0.999023 
0.999023 
0.999023 
0.999023 
0 
0 
0 
0 
0.999023 
0.999023 
0.999023 
0.999023 
0.999023 
0.999023 
0.999023 
0.999023 
0.134766 
0.135742 
0.395508 
0.395508 
0.799805 
0.851562 
0.80957 
0.826172 
0.999023 
0.999023 
0.999023 
0.999023 
0.868164 
0.902344 
0.87207 
0.883789 
0.743164 
0.828125 
0.762695 
0.771484 
0.821289 
0.868164 
0.824219 
0.847656 
0.999023 
0.999023 
0.999023 
0.999023 
0.879883 
0.916016 
0.888672 
0.900391 
0.771484 
0.853516 
0.787109 
0.792969 
0.999023 
0.999023 
0.999023 
0.999023 
0 
0 
0 
0 
0.999023 
0.999023 
0.999023 
0.999023 
0.999023 
0.999023 
0.999023 
0.999023 
0.999023 
0.999023 
0.999023 
0.999023 
0 
0 
0 
0 
0.999023 
0.999023 
0.999023 
0.999023 
0.999023 
0.999023 
0.999023 
0.999023 
0.999023 
0.999023 
0.999023 
0.999023 
0.999023 
0.999023 
0.999023 
0.999023 
0.999023 
0.999023 
0.999023 
0.999023 
0.0830078 
0.0800781 
0.265625 
0.259766 
0.134766 
0.135742 
0.395508 
0.395508 
0 
0 
0 
0 
0 
0 
0 
0 
0 
0 
0 
0 
0 
0 
0 
0 
0 
0 
0 
0 
0 
0 
0 
0 
0 
0 
0 
0 
0 
0 
0 
0 
0.999023 
0.999023 
0.999023 
0.999023 
0.999023 
0.999023 
0.999023 
0.999023 
0 
0.999023 
0.999023 
0.999023 
0.999023 
0.999023 
0.999023 
0.999023 
0.999023 
0.999023 
0.999023 
0.999023 
0 
0 
0 
0 
0 
0 
0 
0 
0.999023 
0.999023 
0.999023 
0.999023 
0.999023 
0.999023 
0.999023 
0.999023 
0.999023 
0.999023 
0.999023 
0.999023 
0.999023 
0.999023 
0.999023 
0.999023 
0.654297 
0.561523 
0.595703 
0.5 
0.999023 
0.999023 
0.999023 
0.999023 
0.999023 
0.999023 
0.999023 
0.999023 
0.0732422 
0.0488281 
0.0742188 
0.0498047 
0.0566406 
0.0371094 
0.0595703 
0.0380859 
0 
0 
0 
0 
0 
0 
0 
0 
0.999023 
0.999023 
0.999023 
0.999023 
0.999023 
0.999023 
0.999023 
0.999023 
0.998047 
0.996094 
0.99707 
0.994141 
0 
0 
0 
0 
0 
0 
0 
0 
0 
0 
0 
0 
0 
0 
0 
0 
0 
0 
0 
0 
0 
0 
0 
0 
0 
0 
0 
0 
0 
0 
0 
0 
0 
0 
0 
0 
0 
0 
0 
0 
0.000976562 
0.00195312 
0.00292969 
0.00292969 
0.000976562 
0.00292969 
0.00390625 
0.00390625 
0 
0 
0 
0 
0 
0 
0 
0 
0 
0 
0 
0 
0 
0 
0 
0 
0 
0 
0 
0 
0 
0 
0 
0 
0 
0 
0 
0 
0 
0 
0 
0 
0.999023 
0.999023 
0.999023 
0.999023 
0.999023 
0.999023 
0 
0 
0 
0 
0.999023 
0.999023 
0.999023 
0.999023 
0.999023 
0 
0 
0 
0 
0 
0 
0 
0 
0 
0 
0 
0 
0 
0 
0 
0 
0 
0 
0 
0 
0 
0 
0 
0 
0 
0 
0 
0 
0 
0 
0 
0 
0.999023 
0.999023 
0.999023 
0.999023 
0.999023 
0.999023 
0.999023 
0.999023 
0.999023 
0.999023 
0.999023 
0.999023 
0.999023 
0.999023 
0.999023 
0.999023 
0.00488281 
0.00683594 
0.0078125 
0.00976562 
0 
0 
0 
0 
0 
0 
0 
0 
0 
0 
0 
0 
0 
0 
0 
0 
0.999023 
0.999023 
0.999023 
0.999023 
0.999023 
0.999023 
0.999023 
0.999023 
0 
0 
0 
0 
0.999023 
0.999023 
0.999023 
0.999023 
0.999023 
0.999023 
0.999023 
0.999023 
0.134766 
0.135742 
0.395508 
0.395508 
0.799805 
0.851562 
0.80957 
0.826172 
0.999023 
0.999023 
0.999023 
0.999023 
0.868164 
0.902344 
0.87207 
0.883789 
0.743164 
0.828125 
0.762695 
0.771484 
0.821289 
0.868164 
0.824219 
0.847656 
0.999023 
0.999023 
0.999023 
0.999023 
0.879883 
0.916016 
0.888672 
0.900391 
0.771484 
0.853516 
0.787109 
0.792969 
0.999023 
0.999023 
0.999023 
0.999023 
0 
0 
0 
0 
0.999023 
0.999023 
0.999023 
0.999023 
0.999023 
0.999023 
0.999023 
0.999023 
0.999023 
0.999023 
0.999023 
0.999023 
0 
0 
0 
0 
0.999023 
0.999023 
0.999023 
0.999023 
0.999023 
0.999023 
0.999023 
0.999023 
0.999023 
0.999023 
0.999023 
0.999023 
0.999023 
0.999023 
0.999023 
0.999023 
0.999023 
0.999023 
0.999023 
0.999023 
0.0830078 
0.0800781 
0.265625 
0.259766 
0.134766 
0.135742 
0.395508 
0.395508 
0 
0 
0 
0 
0 
0 
0 
0 
0 
0 
0 
0 
0 
0 
0 
0 
0 
0 
0 
0 
0 
0 
0 
0 
0 
0 
0 
0 
0 
0 
0 
0 
0.999023 
0.999023 
0.999023 
0.999023 
0.999023 
0.999023 
0.999023 
0.999023 
0 
0.999023 
0.999023 
0.999023 
0.999023 
0.999023 
0.999023 
0.999023 
0.999023 
0.999023 
0.999023 
0.999023 
0 
0 
0 
0 
0 
0 
0 
0 
0.999023 
0.999023 
0.999023 
0.999023 
0.999023 
0.99707 
0.999023 
0.999023 
0.999023 
0.999023 
0.999023 
0.999023 
0.999023 
0.99707 
0.999023 
0.999023 
0.681641 
0.584961 
0.603516 
0.5 
0.999023 
0.999023 
0.999023 
0.999023 
0.999023 
0.999023 
0.999023 
0.999023 
0 
0 
0 
0 
0 
0 
0 
0 
0 
0 
0 
0 
0 
0 
0 
0 
0.999023 
0.999023 
0.999023 
0.999023 
0.999023 
0.999023 
0.999023 
0.999023 
0 
0 
0 
0 
0.999023 
0 
0.999023 
0 
0.999023 
0 
0.999023 
0 
0.999023 
0.999023 
0.999023 
0.999023 
0.999023 
0.999023 
0.999023 
0.999023 
0.999023 
0.999023 
0.999023 
0.999023 
0.999023 
0.999023 
0.999023 
0.999023 
0.999023 
0.999023 
0.999023 
0.999023 
0.999023 
0.999023 
0.999023 
0.999023 
0.999023 
0.999023 
0.999023 
0.999023 
0.999023 
0.999023 
0.999023 
0.999023 
0.999023 
0 
0 
0 
0 
0 
0.999023 
0 
0 
0 
0 
0 
0 
0 
0 
0 
0 
0 
0 
0 
0 
0 
0 
0 
0 
0 
0 
0 
0 
0 
0 
0 
0 
0 
0 
0 
0 
0 
0 
0 
0 
0 
0 
0 
0 
0 
0 
0 
0 
0 
0.999023 
0.999023 
0.999023 
0.999023 
0.999023 
0 
0 
0 
0 
0 
0 
0 
0 
0.999023 
0.999023 
0.999023 
0.999023 
0.999023 
0.999023 
0.999023 
0.999023 
0.999023 
0.999023 
0.999023 
0.999023 
0.999023 
0.999023 
0.999023 
0.999023 
0.999023 
0.999023 
0.999023 
0.999023 
0.999023 
0.999023 
0.999023 
0.999023 
0.974609 
0.998047 
0.999023 
0.999023 
0.999023 
0.999023 
0.999023 
0.999023 
0.999023 
0.999023 
0.999023 
0.999023 
0 
0 
0 
0.999023 
0 
0 
0 
0 
0.999023 
0.999023 
0.999023 
0.999023 
0.999023 
0.999023 
0.999023 
0.999023 
0 
0 
0 
0 
0 
0 
0 
0 
0.999023 
0.999023 
0.999023 
0.999023 
0.999023 
0.999023 
0.999023 
0.999023 
0 
0 
0 
0 
0.999023 
0.999023 
0.999023 
0.999023 
0.999023 
0.999023 
0.999023 
0.999023 
0.135742 
0.139648 
0.395508 
0.395508 
0.799805 
0.851562 
0.80957 
0.785156 
0.999023 
0.999023 
0.999023 
0.999023 
0.868164 
0.902344 
0.87207 
0.853516 
0.743164 
0.828125 
0.762695 
0.72168 
0.821289 
0.868164 
0.824219 
0.80957 
0.999023 
0.999023 
0.999023 
0.999023 
0.879883 
0.916016 
0.888672 
0.87207 
0.771484 
0.853516 
0.787109 
0.746094 
0.999023 
0.999023 
0.999023 
0.999023 
0 
0 
0 
0 
0.999023 
0.999023 
0.999023 
0.999023 
0.999023 
0.999023 
0.999023 
0.999023 
0.999023 
0.999023 
0.999023 
0.999023 
0 
0 
0 
0 
0.999023 
0.999023 
0.999023 
0.999023 
0.999023 
0.999023 
0.999023 
0.999023 
0.999023 
0.999023 
0.999023 
0.999023 
0.00488281 
0.00878906 
0.00585938 
0.0126953 
0.000976562 
0.00292969 
0.00195312 
0.00390625 
0.0859375 
0.0810547 
0.265625 
0.259766 
0.135742 
0.139648 
0.395508 
0.395508 
0 
0 
0 
0 
0 
0 
0 
0 
0 
0 
0 
0 
0 
0 
0 
0 
0 
0 
0 
0 
0 
0 
0 
0 
0 
0 
0 
0 
0 
0 
0 
0 
0.999023 
0.999023 
0.999023 
0.999023 
0.999023 
0.999023 
0.999023 
0.999023 
0.268555 
0.384766 
0.868164 
0.913086 
0.999023 
0.999023 
0.999023 
0.999023 
0.999023 
0.999023 
0.999023 
0.999023 
0 
0 
0 
0 
0 
0 
0 
0 
0.999023 
0.999023 
0.999023 
0.999023 
0.999023 
0.99707 
0.999023 
0.999023 
0.999023 
0.999023 
0.999023 
0.999023 
0.999023 
0.99707 
0.999023 
0.999023 
0.681641 
0.584961 
0.603516 
0.5 
0.999023 
0.999023 
0.999023 
0.999023 
0.999023 
0.999023 
0.999023 
0.999023 
0 
0 
0 
0 
0 
0 
0 
0 
0 
0 
0 
0 
0 
0 
0 
0 
0.999023 
0.999023 
0.999023 
0.999023 
0.999023 
0.999023 
0.999023 
0.999023 
0 
0 
0 
0 
0.999023 
0 
0.999023 
0 
0.999023 
0 
0.999023 
0 
0.999023 
0.999023 
0.999023 
0.999023 
0.999023 
0.999023 
0.999023 
0.999023 
0.999023 
0.999023 
0.999023 
0.999023 
0.999023 
0.999023 
0.999023 
0.999023 
0.999023 
0.999023 
0.999023 
0.999023 
0.999023 
0.999023 
0.999023 
0.999023 
0.999023 
0.999023 
0.999023 
0.999023 
0.999023 
0.999023 
0.999023 
0.999023 
0.999023 
0 
0 
0 
0 
0 
0.999023 
0 
0 
0 
0 
0 
0 
0 
0 
0 
0 
0 
0 
0 
0 
0 
0 
0 
0 
0 
0 
0 
0 
0 
0 
0 
0 
0 
0 
0 
0 
0 
0 
0 
0 
0 
0 
0 
0 
0 
0 
0 
0 
0 
0.999023 
0.999023 
0.999023 
0.999023 
0.999023 
0 
0 
0 
0 
0 
0 
0 
0 
0.999023 
0.999023 
0.999023 
0.999023 
0.999023 
0.999023 
0.999023 
0.999023 
0.999023 
0.999023 
0.999023 
0.999023 
0.999023 
0.999023 
0.999023 
0.999023 
0.999023 
0.999023 
0.999023 
0.999023 
0.999023 
0.999023 
0.999023 
0.999023 
0.974609 
0.998047 
0.999023 
0.999023 
0.999023 
0.999023 
0.999023 
0.999023 
0.999023 
0.999023 
0.999023 
0.999023 
0 
0 
0 
0.999023 
0 
0 
0 
0 
0.999023 
0.999023 
0.999023 
0.999023 
0.999023 
0.999023 
0.999023 
0.999023 
0 
0 
0 
0 
0 
0 
0 
0 
0.999023 
0.999023 
0.999023 
0.999023 
0.999023 
0.999023 
0.999023 
0.999023 
0 
0 
0 
0 
0.999023 
0.999023 
0.999023 
0.999023 
0.999023 
0.999023 
0.999023 
0.999023 
0.135742 
0.139648 
0.395508 
0.395508 
0.799805 
0.851562 
0.80957 
0.785156 
0.999023 
0.999023 
0.999023 
0.999023 
0.868164 
0.902344 
0.87207 
0.853516 
0.743164 
0.828125 
0.762695 
0.72168 
0.821289 
0.868164 
0.824219 
0.80957 
0.999023 
0.999023 
0.999023 
0.999023 
0.879883 
0.916016 
0.888672 
0.87207 
0.771484 
0.853516 
0.787109 
0.746094 
0.999023 
0.999023 
0.999023 
0.999023 
0 
0 
0 
0 
0.999023 
0.999023 
0.999023 
0.999023 
0.999023 
0.999023 
0.999023 
0.999023 
0.999023 
0.999023 
0.999023 
0.999023 
0 
0 
0 
0 
0.999023 
0.999023 
0.999023 
0.999023 
0.999023 
0.999023 
0.999023 
0.999023 
0.999023 
0.999023 
0.999023 
0.999023 
0.00488281 
0.00878906 
0.00585938 
0.0126953 
0.000976562 
0.00292969 
0.00195312 
0.00390625 
0.0859375 
0.0810547 
0.265625 
0.259766 
0.135742 
0.139648 
0.395508 
0.395508 
0 
0 
0 
0 
0 
0 
0 
0 
0 
0 
0 
0 
0 
0 
0 
0 
0 
0 
0 
0 
0 
0 
0 
0 
0 
0 
0 
0 
0 
0 
0 
0 
0.999023 
0.999023 
0.999023 
0.999023 
0.999023 
0.999023 
0.999023 
0.999023 
0.268555 
0.384766 
0.868164 
0.913086 
0.999023 
0.999023 
0.999023 
0.999023 
0.999023 
0.999023 
0.999023 
0.999023 
0 
0 
0 
0 
0 
0 
0 
0 
