18.2393 
16.1855 
20.2295 
23.0078 
17.6465 
15.6279 
19.6475 
22.3857 
18.2393 
16.1855 
18.2393 
16.1855 
20.2295 
23.0078 
17.6465 
15.6279 
19.6475 
22.3857 
18.2393 
16.1855 
18.2393 
16.1855 
20.2295 
23.0078 
17.6465 
15.6279 
19.6475 
22.3857 
18.2393 
16.1855 
-23.3262 
-23.3262 
-23.3262 
-23.3262 
-23.3262 
-23.3262 
-23.3262 
-23.3262 
-23.3262 
-23.3262 
-15.8135 
-16.4043 
-15.6914 
-15.3037 
-16.2666 
-16.6787 
-16.1758 
-15.7324 
-15.8135 
-16.4043 
-10.2197 
-9.75977 
-10.8438 
-11.375 
-10.8291 
-10.3428 
-11.4854 
-12.0654 
-10.2197 
-9.75977 
-10.2598 
-10.0322 
-10.9014 
-11.4668 
-10.8936 
-10.6221 
-11.5547 
-12.0957 
-10.2598 
-10.0322 
18.9531 
16.9248 
20.8877 
22.6787 
18.3203 
16.2539 
20.2764 
22.0879 
18.9531 
16.9248 
18.5508 
16.501 
21.4492 
24.1279 
17.9814 
15.9043 
20.8691 
23.5596 
18.5508 
16.501 
18.5508 
16.501 
21.4492 
24.1279 
17.9814 
15.9043 
20.8691 
23.5596 
18.5508 
16.501 
18.5508 
16.501 
21.4492 
24.1279 
17.9814 
15.9043 
20.8691 
23.5596 
18.5508 
16.501 
21.4492 
24.1279 
17.9814 
15.9043 
20.8691 
23.5596 
0.642578 
0.259766 
0.390625 
-0.000976562 
9.38574 
8.98926 
9.53223 
9.11523 
10.3828 
9.93262 
10.4561 
10.0605 
-2.53516 
-2.9834 
-2.51953 
-2.94727 
-2.80078 
-3.23828 
-2.75195 
-3.22168 
-15.1172 
-15.8203 
-15.6523 
-16.3926 
-15.1533 
-15.9834 
-15.6416 
-16.4805 
27.3867 
27.4482 
26.9873 
27.0264 
27.1904 
27.2637 
26.7949 
26.8105 
6.65527 
5.59473 
6.13867 
5.1416 
-20.3584 
-21.4873 
-20.8799 
-21.3076 
-20.1172 
-21.3057 
-20.6191 
-21.1006 
-22.0244 
-23.0947 
-22.3018 
-22.8232 
-22.0977 
-23.1494 
-22.4355 
-22.9229 
-22.3066 
-23.3574 
-22.6416 
-23.0703 
-22.4199 
-23.4717 
-22.7549 
-23.1963 
-22.4844 
-23.5352 
-22.8105 
-23.2549 
-22.5908 
-23.6279 
-22.9414 
-23.3213 
-22.4551 
-23.4863 
-22.7715 
-23.2295 
-22.5312 
-23.5879 
-22.9238 
-23.3066 
-6.52344 
-6.04199 
-5.83887 
-5.76953 
-6.29102 
-5.80859 
-5.54492 
-5.47461 
-23.6445 
-23.1396 
-24.0332 
-23.9053 
-23.7656 
-23.1982 
-24.0762 
-24.0166 
-23.6221 
-23.1133 
-23.9883 
-23.8701 
-23.6846 
-23.123 
-24.0693 
-23.9219 
-23.7432 
-23.165 
-24.083 
-23.9727 
-23.7715 
-23.2324 
-24.1182 
-24.0049 
-23.4854 
-22.8623 
-23.7783 
-23.666 
-23.5166 
-22.9326 
-23.8398 
-23.7422 
19.2412 
19.0928 
18.8926 
18.7412 
19.1943 
19.0586 
-25.8926 
-26.623 
-26.8184 
-27.4746 
15.5977 
7.61133 
7.79883 
7.62891 
29.4844 
-13.4844 
-13.3691 
-13.1553 
-13.0293 
-13.7383 
-13.6299 
-13.3984 
-13.2881 
-27.4414 
-27.5205 
-27.5186 
-27.3633 
-19.6904 
-27.5898 
-27.583 
-19.6455 
-27.2324 
-27.3193 
-27.3135 
-27.1836 
-27.334 
-27.3799 
-27.3799 
-27.2305 
-28.498 
-28.873 
-28.7168 
-29.0938 
-28.8369 
-29.0859 
-29.0391 
-29.3506 
28.7334 
28.5273 
29.0869 
28.8691 
28.8154 
28.6035 
29.165 
28.9404 
28.8926 
28.6787 
29.2422 
29.0225 
28.9648 
28.7432 
29.3096 
29.0684 
-5.24902 
-4.97656 
-4.8252 
-4.54688 
-9.70215 
-8.91895 
-9.36719 
-8.60547 
-9.8252 
-9.02148 
-9.47559 
-8.7168 
-20.1318 
-19.7842 
-20.0732 
-19.7314 
-28.4756 
-28.1523 
-28.3574 
-28.1006 
21.4883 
21.7754 
21.2842 
21.5742 
22.1719 
22.4814 
21.9551 
22.2871 
-24.4033 
-23.7168 
-24.5508 
-23.875 
14.5371 
14.8135 
14.2188 
14.499 
14.7461 
15.0146 
14.4131 
14.667 
-1.87402 
-1.85352 
-0.43457 
-0.421875 
1.3916 
1.75684 
1.45898 
1.57617 
30.3037 
28.4824 
28.8398 
31.4385 
1.89746 
2.23926 
1.92578 
2.04102 
1.06445 
1.58691 
1.17578 
1.22363 
1.54395 
1.89355 
1.56055 
1.72559 
29.4004 
27.9033 
27.9121 
30.1895 
2.01172 
2.39258 
2.0918 
2.2041 
1.21875 
1.77051 
1.3125 
1.35742 
9.33398 
7.25977 
8.52832 
10.6494 
-14.6777 
-16.9619 
-14.8584 
-13.0811 
9.54688 
7.48438 
8.76758 
10.877 
9.65527 
7.59473 
8.8916 
10.9883 
9.87305 
7.75488 
9.03027 
11.168 
-14.7471 
-17 
-14.9258 
-13.1982 
10.0586 
7.95801 
9.24414 
11.3447 
10.1787 
8.10547 
9.34961 
11.4727 
28.0371 
27.9287 
27.6514 
27.5596 
26.5986 
26.4814 
26.4561 
26.375 
26.8887 
26.7656 
26.833 
26.6787 
-2.39355 
-2.44727 
-1.02441 
-1.05957 
-1.87402 
-1.85352 
-0.43457 
-0.421875 
-17.0547 
-17.291 
-16.6084 
-16.9639 
-17.2295 
-17.4678 
-16.7988 
-17.0586 
-16.6074 
-16.8896 
-16.1914 
-16.5996 
-16.8428 
-17.0869 
-16.3955 
-16.6719 
-16.791 
-17.0283 
-16.3281 
-16.7256 
-16.9971 
-17.2236 
-16.5527 
-16.7852 
-16.3701 
-16.6299 
-15.9531 
-16.3203 
-16.5996 
-16.8438 
-16.1602 
-16.4414 
16.1631 
16.3242 
17.21 
17.2988 
16.3633 
16.5166 
17.418 
17.5059 
-22.3193 
15.7646 
15.752 
15.3447 
11.5205 
11.5957 
11.752 
11.8193 
12.3584 
12.418 
11.583 
11.6484 
-17.1865 
-16.6963 
-17.375 
-16.834 
-16.9873 
-16.3926 
-17.2881 
-16.7559 
18.5508 
16.501 
21.4492 
24.1279 
17.9814 
15.9043 
20.8691 
23.5596 
18.5508 
16.501 
21.4492 
24.1279 
17.9814 
15.9043 
20.8691 
23.5596 
0.642578 
0.259766 
0.390625 
-0.000976562 
9.38574 
8.98926 
9.53223 
9.11523 
10.3828 
9.93262 
10.4561 
10.0605 
-2.53516 
-2.9834 
-2.51953 
-2.94727 
-2.80078 
-3.23828 
-2.75195 
-3.22168 
-15.1172 
-15.8203 
-15.6523 
-16.3926 
-15.1533 
-15.9834 
-15.6416 
-16.4805 
27.3867 
27.4482 
26.9873 
27.0264 
27.1904 
27.2637 
26.7949 
26.8105 
6.65527 
5.59473 
6.13867 
5.1416 
-20.3584 
-21.4873 
-20.8799 
-21.3076 
-20.1172 
-21.3057 
-20.6191 
-21.1006 
-22.0244 
-23.0947 
-22.3018 
-22.8232 
-22.0977 
-23.1494 
-22.4355 
-22.9229 
-22.3066 
-23.3574 
-22.6416 
-23.0703 
-22.4199 
-23.4717 
-22.7549 
-23.1963 
-22.4844 
-23.5352 
-22.8105 
-23.2549 
-22.5908 
-23.6279 
-22.9414 
-23.3213 
-22.4551 
-23.4863 
-22.7715 
-23.2295 
-22.5312 
-23.5879 
-22.9238 
-23.3066 
-6.52344 
-6.04199 
-5.83887 
-5.76953 
-6.29102 
-5.80859 
-5.54492 
-5.47461 
-23.6445 
-23.1396 
-24.0332 
-23.9053 
-23.7656 
-23.1982 
-24.0762 
-24.0166 
-23.6221 
-23.1133 
-23.9883 
-23.8701 
-23.6846 
-23.123 
-24.0693 
-23.9219 
-23.7432 
-23.165 
-24.083 
-23.9727 
-23.7715 
-23.2324 
-24.1182 
-24.0049 
-23.4854 
-22.8623 
-23.7783 
-23.666 
-23.5166 
-22.9326 
-23.8398 
-23.7422 
19.2412 
19.0928 
18.8926 
18.7412 
19.1943 
19.0586 
-25.8926 
-26.623 
-26.8184 
-27.4746 
15.5977 
7.61133 
7.79883 
7.62891 
29.4844 
-13.4844 
-13.3691 
-13.1553 
-13.0293 
-13.7383 
-13.6299 
-13.3984 
-13.2881 
-27.4414 
-27.5205 
-27.5186 
-27.3633 
-19.6904 
-27.5898 
-27.583 
-19.6455 
-27.2324 
-27.3193 
-27.3135 
-27.1836 
-27.334 
-27.3799 
-27.3799 
-27.2305 
-28.498 
-28.873 
-28.7168 
-29.0938 
-28.8369 
-29.0859 
-29.0391 
-29.3506 
28.7334 
28.5273 
29.0869 
28.8691 
28.8154 
28.6035 
29.165 
28.9404 
28.8926 
28.6787 
29.2422 
29.0225 
28.9648 
28.7432 
29.3096 
29.0684 
-5.24902 
-4.97656 
-4.8252 
-4.54688 
-9.70215 
-8.91895 
-9.36719 
-8.60547 
-9.8252 
-9.02148 
-9.47559 
-8.7168 
-20.1318 
-19.7842 
-20.0732 
-19.7314 
-28.4756 
-28.1523 
-28.3574 
-28.1006 
21.4883 
21.7754 
21.2842 
21.5742 
22.1719 
22.4814 
21.9551 
22.2871 
-24.4033 
-23.7168 
-24.5508 
-23.875 
14.5371 
14.8135 
14.2188 
14.499 
14.7461 
15.0146 
14.4131 
14.667 
-1.87402 
-1.85352 
-0.43457 
-0.421875 
1.3916 
1.75684 
1.45898 
1.57617 
30.3037 
28.4824 
28.8398 
31.4385 
1.89746 
2.23926 
1.92578 
2.04102 
1.06445 
1.58691 
1.17578 
1.22363 
1.54395 
1.89355 
1.56055 
1.72559 
29.4004 
27.9033 
27.9121 
30.1895 
2.01172 
2.39258 
2.0918 
2.2041 
1.21875 
1.77051 
1.3125 
1.35742 
9.33398 
7.25977 
8.52832 
10.6494 
-14.6777 
-16.9619 
-14.8584 
-13.0811 
9.54688 
7.48438 
8.76758 
10.877 
9.65527 
7.59473 
8.8916 
10.9883 
9.87305 
7.75488 
9.03027 
11.168 
-14.7471 
-17 
-14.9258 
-13.1982 
10.0586 
7.95801 
9.24414 
11.3447 
10.1787 
8.10547 
9.34961 
11.4727 
28.0371 
27.9287 
27.6514 
27.5596 
26.5986 
26.4814 
26.4561 
26.375 
26.8887 
26.7656 
26.833 
26.6787 
-2.39355 
-2.44727 
-1.02441 
-1.05957 
-1.87402 
-1.85352 
-0.43457 
-0.421875 
-17.0547 
-17.291 
-16.6084 
-16.9639 
-17.2295 
-17.4678 
-16.7988 
-17.0586 
-16.6074 
-16.8896 
-16.1914 
-16.5996 
-16.8428 
-17.0869 
-16.3955 
-16.6719 
-16.791 
-17.0283 
-16.3281 
-16.7256 
-16.9971 
-17.2236 
-16.5527 
-16.7852 
-16.3701 
-16.6299 
-15.9531 
-16.3203 
-16.5996 
-16.8438 
-16.1602 
-16.4414 
16.1631 
16.3242 
17.21 
17.2988 
16.3633 
16.5166 
17.418 
17.5059 
-22.3193 
15.7646 
15.752 
15.3447 
11.5205 
11.5957 
11.752 
11.8193 
12.3584 
12.418 
11.583 
11.6484 
-17.1865 
-16.6963 
-17.375 
-16.834 
-16.9873 
-16.3926 
-17.2881 
-16.7559 
18.5508 
16.501 
21.4492 
24.1279 
17.9814 
15.9043 
20.8691 
23.5596 
18.5508 
16.501 
21.4492 
24.1279 
17.9814 
15.9043 
20.8691 
23.5596 
0.642578 
0.259766 
0.390625 
-0.000976562 
9.38574 
8.98926 
9.53223 
9.11523 
10.3828 
9.93262 
10.4561 
10.0605 
-2.53516 
-2.9834 
-2.51953 
-2.94727 
-2.80078 
-3.23828 
-2.75195 
-3.22168 
-15.1172 
-15.8203 
-15.6523 
-16.3926 
-15.1533 
-15.9834 
-15.6416 
-16.4805 
27.3867 
27.4482 
26.9873 
27.0264 
27.1904 
27.2637 
26.7949 
26.8105 
6.65527 
5.59473 
6.13867 
5.1416 
-20.3584 
-21.4873 
-20.8799 
-21.3076 
-20.1172 
-21.3057 
-20.6191 
-21.1006 
-22.0244 
-23.0947 
-22.3018 
-22.8232 
-22.0977 
-23.1494 
-22.4355 
-22.9229 
-22.3066 
-23.3574 
-22.6416 
-23.0703 
-22.4199 
-23.4717 
-22.7549 
-23.1963 
-22.4844 
-23.5352 
-22.8105 
-23.2549 
-22.5908 
-23.6279 
-22.9414 
-23.3213 
-22.4551 
-23.4863 
-22.7715 
-23.2295 
-22.5312 
-23.5879 
-22.9238 
-23.3066 
-6.52344 
-6.04199 
-5.83887 
-5.76953 
-6.29102 
-5.80859 
-5.54492 
-5.47461 
-23.6445 
-23.1396 
-24.0332 
-23.9053 
-23.7656 
-23.1982 
-24.0762 
-24.0166 
-23.6221 
-23.1133 
-23.9883 
-23.8701 
-23.6846 
-23.123 
-24.0693 
-23.9219 
-23.7432 
-23.165 
-24.083 
-23.9727 
-23.7715 
-23.2324 
-24.1182 
-24.0049 
-23.4854 
-22.8623 
-23.7783 
-23.666 
-23.5166 
-22.9326 
-23.8398 
-23.7422 
19.2412 
19.0928 
18.8926 
18.7412 
19.1943 
19.0586 
-25.8926 
-26.623 
-26.8184 
-27.4746 
15.5977 
7.61133 
7.79883 
7.62891 
29.4844 
-13.4844 
-13.3691 
-13.1553 
-13.0293 
-13.7383 
-13.6299 
-13.3984 
-13.2881 
-27.4414 
-27.5205 
-27.5186 
-27.3633 
-19.6904 
-27.5898 
-27.583 
-19.6455 
-27.2324 
-27.3193 
-27.3135 
-27.1836 
-27.334 
-27.3799 
-27.3799 
-27.2305 
-28.498 
-28.873 
-28.7168 
-29.0938 
-28.8369 
-29.0859 
-29.0391 
-29.3506 
28.7334 
28.5273 
29.0869 
28.8691 
28.8154 
28.6035 
29.165 
28.9404 
28.8926 
28.6787 
29.2422 
29.0225 
28.9648 
28.7432 
29.3096 
29.0684 
-5.24902 
-4.97656 
-4.8252 
-4.54688 
-9.70215 
-8.91895 
-9.36719 
-8.60547 
-9.8252 
-9.02148 
-9.47559 
-8.7168 
-20.1318 
-19.7842 
-20.0732 
-19.7314 
-28.4756 
-28.1523 
-28.3574 
-28.1006 
21.4883 
21.7754 
21.2842 
21.5742 
22.1719 
22.4814 
21.9551 
22.2871 
-24.4033 
-23.7168 
-24.5508 
-23.875 
14.5371 
14.8135 
14.2188 
14.499 
14.7461 
15.0146 
14.4131 
14.667 
-1.87402 
-1.85352 
-0.43457 
-0.421875 
1.3916 
1.75684 
1.45898 
1.57617 
30.3037 
28.4824 
28.8398 
31.4385 
1.89746 
2.23926 
1.92578 
2.04102 
1.06445 
1.58691 
1.17578 
1.22363 
1.54395 
1.89355 
1.56055 
1.72559 
29.4004 
27.9033 
27.9121 
30.1895 
2.01172 
2.39258 
2.0918 
2.2041 
1.21875 
1.77051 
1.3125 
1.35742 
9.33398 
7.25977 
8.52832 
10.6494 
-14.6777 
-16.9619 
-14.8584 
-13.0811 
9.54688 
7.48438 
8.76758 
10.877 
9.65527 
7.59473 
8.8916 
10.9883 
9.87305 
7.75488 
9.03027 
11.168 
-14.7471 
-17 
-14.9258 
-13.1982 
10.0586 
7.95801 
9.24414 
11.3447 
10.1787 
8.10547 
9.34961 
11.4727 
28.0371 
27.9287 
27.6514 
27.5596 
26.5986 
26.4814 
26.4561 
26.375 
26.8887 
26.7656 
26.833 
26.6787 
-2.39355 
-2.44727 
-1.02441 
-1.05957 
-1.87402 
-1.85352 
-0.43457 
-0.421875 
-17.0547 
-17.291 
-16.6084 
-16.9639 
-17.2295 
-17.4678 
-16.7988 
-17.0586 
-16.6074 
-16.8896 
-16.1914 
-16.5996 
-16.8428 
-17.0869 
-16.3955 
-16.6719 
-16.791 
-17.0283 
-16.3281 
-16.7256 
-16.9971 
-17.2236 
-16.5527 
-16.7852 
-16.3701 
-16.6299 
-15.9531 
-16.3203 
-16.5996 
-16.8438 
-16.1602 
-16.4414 
16.1631 
16.3242 
17.21 
17.2988 
16.3633 
16.5166 
17.418 
17.5059 
-22.3193 
15.7646 
15.752 
15.3447 
11.5205 
11.5957 
11.752 
11.8193 
12.3584 
12.418 
11.583 
11.6484 
-17.1865 
-16.6963 
-17.375 
-16.834 
-16.9873 
-16.3926 
-17.2881 
-16.7559 
18.5508 
16.501 
21.4492 
24.1279 
17.9814 
15.9043 
20.8691 
23.5596 
18.5508 
16.501 
21.4492 
24.1279 
17.9814 
15.9043 
20.8691 
23.5596 
0.642578 
0.259766 
0.390625 
-0.000976562 
9.38574 
8.98926 
9.53223 
9.11523 
10.3828 
9.93262 
10.4561 
10.0605 
-2.53516 
-2.9834 
-2.51953 
-2.94727 
-2.80078 
-3.23828 
-2.75195 
-3.22168 
-15.1172 
-15.8203 
-15.6523 
-16.3926 
-15.1533 
-15.9834 
-15.6416 
-16.4805 
27.3867 
27.4482 
26.9873 
27.0264 
27.1904 
27.2637 
26.7949 
26.8105 
6.65527 
5.59473 
6.13867 
5.1416 
-20.3584 
-21.4873 
-20.8799 
-21.3076 
-20.1172 
-21.3057 
-20.6191 
-21.1006 
-22.0244 
-23.0947 
-22.3018 
-22.8232 
-22.0977 
-23.1494 
-22.4355 
-22.9229 
-22.3066 
-23.3574 
-22.6416 
-23.0703 
-22.4199 
-23.4717 
-22.7549 
-23.1963 
-22.4844 
-23.5352 
-22.8105 
-23.2549 
-22.5908 
-23.6279 
-22.9414 
-23.3213 
-22.4551 
-23.4863 
-22.7715 
-23.2295 
-22.5312 
-23.5879 
-22.9238 
-23.3066 
-6.52344 
-6.04199 
-5.83887 
-5.76953 
-6.29102 
-5.80859 
-5.54492 
-5.47461 
-23.6445 
-23.1396 
-24.0332 
-23.9053 
-23.7656 
-23.1982 
-24.0762 
-24.0166 
-23.6221 
-23.1133 
-23.9883 
-23.8701 
-23.6846 
-23.123 
-24.0693 
-23.9219 
-23.7432 
-23.165 
-24.083 
-23.9727 
-23.7715 
-23.2324 
-24.1182 
-24.0049 
-23.4854 
-22.8623 
-23.7783 
-23.666 
-23.5166 
-22.9326 
-23.8398 
-23.7422 
19.2412 
19.0928 
18.8926 
18.7412 
19.1943 
19.0586 
-25.8926 
-26.623 
-26.8184 
-27.4746 
15.5977 
7.61133 
7.79883 
7.62891 
29.4844 
-13.4844 
-13.3691 
-13.1553 
-13.0293 
-13.7383 
-13.6299 
-13.3984 
-13.2881 
-27.4414 
-27.5205 
-27.5186 
-27.3633 
-19.6904 
-27.5898 
-27.583 
-19.6455 
-27.2324 
-27.3193 
-27.3135 
-27.1836 
-27.334 
-27.3799 
-27.3799 
-27.2305 
-28.498 
-28.873 
-28.7168 
-29.0938 
-28.8369 
-29.0859 
-29.0391 
-29.3506 
28.7334 
28.5273 
29.0869 
28.8691 
28.8154 
28.6035 
29.165 
28.9404 
28.8926 
28.6787 
29.2422 
29.0225 
28.9648 
28.7432 
29.3096 
29.0684 
-5.24902 
-4.97656 
-4.8252 
-4.54688 
-9.70215 
-8.91895 
-9.36719 
-8.60547 
-9.8252 
-9.02148 
-9.47559 
-8.7168 
-20.1318 
-19.7842 
-20.0732 
-19.7314 
-28.4756 
-28.1523 
-28.3574 
-28.1006 
21.4883 
21.7754 
21.2842 
21.5742 
22.1719 
22.4814 
21.9551 
22.2871 
-24.4033 
-23.7168 
-24.5508 
-23.875 
14.5371 
14.8135 
14.2188 
14.499 
14.7461 
15.0146 
14.4131 
14.667 
-1.87402 
-1.85352 
-0.43457 
-0.421875 
1.3916 
1.75684 
1.45898 
1.57617 
30.3037 
28.4824 
28.8398 
31.4385 
1.89746 
2.23926 
1.92578 
2.04102 
1.06445 
1.58691 
1.17578 
1.22363 
1.54395 
1.89355 
1.56055 
1.72559 
29.4004 
27.9033 
27.9121 
30.1895 
2.01172 
2.39258 
2.0918 
2.2041 
1.21875 
1.77051 
1.3125 
1.35742 
9.33398 
7.25977 
8.52832 
10.6494 
-14.6777 
-16.9619 
-14.8584 
-13.0811 
9.54688 
7.48438 
8.76758 
10.877 
9.65527 
7.59473 
8.8916 
10.9883 
9.87305 
7.75488 
9.03027 
11.168 
-14.7471 
-17 
-14.9258 
-13.1982 
10.0586 
7.95801 
9.24414 
11.3447 
10.1787 
8.10547 
9.34961 
11.4727 
28.0371 
27.9287 
27.6514 
27.5596 
26.5986 
26.4814 
26.4561 
26.375 
26.8887 
26.7656 
26.833 
26.6787 
-2.39355 
-2.44727 
-1.02441 
-1.05957 
-1.87402 
-1.85352 
-0.43457 
-0.421875 
-17.0547 
-17.291 
-16.6084 
-16.9639 
-17.2295 
-17.4678 
-16.7988 
-17.0586 
-16.6074 
-16.8896 
-16.1914 
-16.5996 
-16.8428 
-17.0869 
-16.3955 
-16.6719 
-16.791 
-17.0283 
-16.3281 
-16.7256 
-16.9971 
-17.2236 
-16.5527 
-16.7852 
-16.3701 
-16.6299 
-15.9531 
-16.3203 
-16.5996 
-16.8438 
-16.1602 
-16.4414 
16.1631 
16.3242 
17.21 
17.2988 
16.3633 
16.5166 
17.418 
17.5059 
-22.3193 
15.7646 
15.752 
15.3447 
11.5205 
11.5957 
11.752 
11.8193 
12.3584 
12.418 
11.583 
11.6484 
-17.1865 
-16.6963 
-17.375 
-16.834 
-16.9873 
-16.3926 
-17.2881 
-16.7559 
10.6943 
7.66992 
13.4365 
15.7109 
9.19727 
6.15918 
11.9297 
14.2227 
10.6943 
7.66992 
13.4365 
15.7109 
9.19727 
6.15918 
11.9297 
14.2227 
0.775391 
0.351562 
0.43457 
0.00683594 
29.3076 
29.5596 
29.9209 
30.1895 
30.0527 
30.4014 
30.8818 
31.1084 
-30.6787 
-30.3398 
-30.7217 
-30.4482 
-29.6436 
-29.3535 
-29.7227 
-29.4512 
-10.1377 
-9.85254 
-8.74121 
-8.41699 
-8.83301 
-8.5127 
-7.44824 
-7.125 
27.8486 
28.5449 
28.1416 
28.9199 
29.0918 
29.8604 
29.4902 
30.2031 
-25.0674 
-26.1523 
-23.9941 
-24.9385 
31.8691 
-31.3096 
31.9092 
-31.4834 
31.5176 
-31.6436 
31.5762 
-31.8271 
15.4229 
16.8936 
16.0557 
16.2188 
15.9844 
17.7832 
16.8184 
17.1104 
15.3506 
17.1582 
16.208 
16.4521 
15.9033 
18.0508 
16.7432 
17.2607 
15.2451 
17.165 
16.0811 
16.4932 
15.833 
18.0605 
16.6709 
17.1396 
15.2471 
17.4619 
16.1025 
16.5732 
15.7822 
18.1279 
16.6094 
17.1201 
20.6484 
-27.3174 
-30.5898 
-28.7402 
-27.1943 
-28.8604 
31.8105 
-30.3135 
-22.334 
-23.0195 
-21.5361 
-21.6699 
-21.127 
-21.833 
-20.3232 
-20.4619 
-23.1387 
-23.8291 
-22.375 
-22.5088 
-22.0088 
-22.6953 
-21.1279 
-21.334 
-22.209 
-22.9014 
-21.4688 
-21.5713 
-21.0449 
-21.7744 
-20.2256 
-20.3711 
-21.3174 
-22.0439 
-20.501 
-20.6553 
-20.1533 
-20.8691 
-19.2529 
-19.417 
-22.4062 
-21.0283 
-20.5332 
-19.2109 
-24.1367 
-22.9014 
-26.1348 
-26.6855 
-26.9307 
-27.4932 
7.97949 
7.69043 
8.05859 
7.73828 
29.9053 
-12.5049 
-12.5049 
-12.3447 
-12.335 
-12.415 
-12.4023 
-12.2422 
-12.2217 
26.4531 
27.665 
27.2607 
26.0195 
26.2949 
27.5703 
27.1094 
25.8848 
25.6113 
26.834 
26.4189 
25.21 
25.4951 
26.7305 
26.3262 
25.0557 
31.2432 
30.8477 
31.7998 
31.4346 
30.3008 
29.8613 
30.8936 
30.5459 
3.70117 
6.47461 
7.87598 
10.5703 
31.9336 
12.001 
13.4307 
16.2188 
28.0713 
8.2334 
9.63477 
12.418 
-30.4043 
-27.6191 
-26.1484 
19.6777 
-13.876 
-13.1338 
-10.8574 
-10.0977 
22.7656 
23.3203 
23.3633 
23.9521 
22.6689 
23.2051 
23.3057 
23.8799 
-14.4551 
-15.9268 
-10.5918 
-12.0645 
-19.666 
-21.2061 
-15.7852 
-17.3105 
8.37402 
8.70605 
8.87109 
9.22852 
8.76953 
9.1123 
9.3252 
9.62402 
-21.5791 
-19.4434 
-20.9844 
-18.8574 
13.6943 
13.4668 
12.2568 
11.9932 
14.7432 
14.502 
13.3828 
13.0342 
-1.84375 
-1.81934 
-0.43457 
-0.421875 
1.3916 
1.75684 
1.45898 
1.30371 
30.3037 
28.4824 
28.8398 
31.2998 
1.89746 
2.23926 
1.92578 
1.77441 
1.06445 
1.58691 
1.17578 
0.959961 
1.54395 
1.89355 
1.56055 
1.4668 
29.4004 
27.9033 
27.9121 
30.0576 
2.01172 
2.39258 
2.0918 
1.93262 
1.21875 
1.77051 
1.3125 
1.08301 
9.33398 
7.25977 
8.52832 
10.5146 
-14.6777 
-16.9619 
-14.8584 
-13.3252 
9.54688 
7.48438 
8.76758 
10.7324 
9.65527 
7.59473 
8.8916 
10.8252 
9.87305 
7.75488 
9.03027 
11.0127 
-14.7471 
-17 
-14.9258 
-13.4541 
10.0586 
7.95801 
9.24414 
11.1816 
10.1787 
8.10547 
9.34961 
11.3359 
26.3145 
26.4092 
26.0986 
26.2041 
-5.2959 
-4.72168 
-5.05664 
-4.33398 
-6.38965 
-5.7168 
-6.18164 
-5.46484 
-2.37402 
-2.4248 
-1.02441 
-1.05957 
-1.84375 
-1.81934 
-0.43457 
-0.421875 
-16.9561 
-17.2158 
-16.1758 
-16.5117 
-17.1396 
-17.3672 
-16.4287 
-16.6484 
-16.5283 
-16.7705 
-15.791 
-16.1719 
-16.7285 
-16.9746 
-16.0059 
-16.2881 
-16.6777 
-16.9316 
-15.9404 
-16.2773 
-16.877 
-17.126 
-16.1377 
-16.3779 
-16.2617 
-16.5273 
-15.5176 
-15.9033 
-16.499 
-16.7285 
-15.752 
-16.0312 
15.582 
15.7568 
16.8242 
16.9268 
16.1484 
16.2979 
17.418 
17.5059 
-1.0127 
-0.469727 
1.89453 
2.36133 
13.1133 
13.3496 
13.957 
14.1846 
14.2266 
14.4668 
13.4141 
13.6572 
-14.4883 
-14.1582 
-14.0928 
-13.6992 
-14.0273 
-13.6729 
-14.2441 
-13.876 
10.6943 
7.66992 
13.4365 
15.7109 
9.19727 
6.15918 
11.9297 
14.2227 
10.6943 
7.66992 
13.4365 
15.7109 
9.19727 
6.15918 
11.9297 
14.2227 
0.775391 
0.351562 
0.43457 
0.00683594 
29.3076 
29.5596 
29.9209 
30.1895 
30.0527 
30.4014 
30.8818 
31.1084 
-30.6787 
-30.3398 
-30.7217 
-30.4482 
-29.6436 
-29.3535 
-29.7227 
-29.4512 
-10.1377 
-9.85254 
-8.74121 
-8.41699 
-8.83301 
-8.5127 
-7.44824 
-7.125 
27.8486 
28.5449 
28.1416 
28.9199 
29.0918 
29.8604 
29.4902 
30.2031 
-25.0674 
-26.1523 
-23.9941 
-24.9385 
31.8691 
-31.3096 
31.9092 
-31.4834 
31.5176 
-31.6436 
31.5762 
-31.8271 
15.4229 
16.8936 
16.0557 
16.2188 
15.9844 
17.7832 
16.8184 
17.1104 
15.3506 
17.1582 
16.208 
16.4521 
15.9033 
18.0508 
16.7432 
17.2607 
15.2451 
17.165 
16.0811 
16.4932 
15.833 
18.0605 
16.6709 
17.1396 
15.2471 
17.4619 
16.1025 
16.5732 
15.7822 
18.1279 
16.6094 
17.1201 
20.6484 
-27.3174 
-30.5898 
-28.7402 
-27.1943 
-28.8604 
31.8105 
-30.3135 
-22.334 
-23.0195 
-21.5361 
-21.6699 
-21.127 
-21.833 
-20.3232 
-20.4619 
-23.1387 
-23.8291 
-22.375 
-22.5088 
-22.0088 
-22.6953 
-21.1279 
-21.334 
-22.209 
-22.9014 
-21.4688 
-21.5713 
-21.0449 
-21.7744 
-20.2256 
-20.3711 
-21.3174 
-22.0439 
-20.501 
-20.6553 
-20.1533 
-20.8691 
-19.2529 
-19.417 
-22.4062 
-21.0283 
-20.5332 
-19.2109 
-24.1367 
-22.9014 
-26.1348 
-26.6855 
-26.9307 
-27.4932 
7.97949 
7.69043 
8.05859 
7.73828 
29.9053 
-12.5049 
-12.5049 
-12.3447 
-12.335 
-12.415 
-12.4023 
-12.2422 
-12.2217 
26.4531 
27.665 
27.2607 
26.0195 
26.2949 
27.5703 
27.1094 
25.8848 
25.6113 
26.834 
26.4189 
25.21 
25.4951 
26.7305 
26.3262 
25.0557 
31.2432 
30.8477 
31.7998 
31.4346 
30.3008 
29.8613 
30.8936 
30.5459 
3.70117 
6.47461 
7.87598 
10.5703 
31.9336 
12.001 
13.4307 
16.2188 
28.0713 
8.2334 
9.63477 
12.418 
-30.4043 
-27.6191 
-26.1484 
19.6777 
-13.876 
-13.1338 
-10.8574 
-10.0977 
22.7656 
23.3203 
23.3633 
23.9521 
22.6689 
23.2051 
23.3057 
23.8799 
-14.4551 
-15.9268 
-10.5918 
-12.0645 
-19.666 
-21.2061 
-15.7852 
-17.3105 
8.37402 
8.70605 
8.87109 
9.22852 
8.76953 
9.1123 
9.3252 
9.62402 
-21.5791 
-19.4434 
-20.9844 
-18.8574 
13.6943 
13.4668 
12.2568 
11.9932 
14.7432 
14.502 
13.3828 
13.0342 
-1.84375 
-1.81934 
-0.43457 
-0.421875 
1.3916 
1.75684 
1.45898 
1.30371 
30.3037 
28.4824 
28.8398 
31.2998 
1.89746 
2.23926 
1.92578 
1.77441 
1.06445 
1.58691 
1.17578 
0.959961 
1.54395 
1.89355 
1.56055 
1.4668 
29.4004 
27.9033 
27.9121 
30.0576 
2.01172 
2.39258 
2.0918 
1.93262 
1.21875 
1.77051 
1.3125 
1.08301 
9.33398 
7.25977 
8.52832 
10.5146 
-14.6777 
-16.9619 
-14.8584 
-13.3252 
9.54688 
7.48438 
8.76758 
10.7324 
9.65527 
7.59473 
8.8916 
10.8252 
9.87305 
7.75488 
9.03027 
11.0127 
-14.7471 
-17 
-14.9258 
-13.4541 
10.0586 
7.95801 
9.24414 
11.1816 
10.1787 
8.10547 
9.34961 
11.3359 
26.3145 
26.4092 
26.0986 
26.2041 
-5.2959 
-4.72168 
-5.05664 
-4.33398 
-6.38965 
-5.7168 
-6.18164 
-5.46484 
-2.37402 
-2.4248 
-1.02441 
-1.05957 
-1.84375 
-1.81934 
-0.43457 
-0.421875 
-16.9561 
-17.2158 
-16.1758 
-16.5117 
-17.1396 
-17.3672 
-16.4287 
-16.6484 
-16.5283 
-16.7705 
-15.791 
-16.1719 
-16.7285 
-16.9746 
-16.0059 
-16.2881 
-16.6777 
-16.9316 
-15.9404 
-16.2773 
-16.877 
-17.126 
-16.1377 
-16.3779 
-16.2617 
-16.5273 
-15.5176 
-15.9033 
-16.499 
-16.7285 
-15.752 
-16.0312 
15.582 
15.7568 
16.8242 
16.9268 
16.1484 
16.2979 
17.418 
17.5059 
-1.0127 
-0.469727 
1.89453 
2.36133 
13.1133 
13.3496 
13.957 
14.1846 
14.2266 
14.4668 
13.4141 
13.6572 
-14.4883 
-14.1582 
-14.0928 
-13.6992 
-14.0273 
-13.6729 
-14.2441 
-13.876 
